<?xml version="1.0" encoding="UTF-8"?>
<testsuite xmlns:xsi="http://www.w3.org/2001/XMLSchema-instance" xsi:noNamespaceSchemaLocation="https://maven.apache.org/surefire/maven-surefire-plugin/xsd/surefire-test-report.xsd" name="kr.bit.controller.BoardControllerTest" time="7.982" tests="1" errors="1" skipped="0" failures="0">
  <properties>
[...]
</properties>
  <testcase name="testList" classname="kr.bit.controller.BoardControllerTest" time="0.207">
    <error type="java.lang.NullPointerException">java.lang.NullPointerException
	at kr.bit.controller.BoardControllerTest.testList(BoardControllerTest.java:44)
</error>
    <system-out><![CDATA[INFO : org.springframework.test.context.web.WebTestContextBootstrapper - Loaded default TestExecutionListener class names from location [META-INF/spring.factories]: [org.springframework.test.context.web.ServletTestExecutionListener, org.springframework.test.context.support.DirtiesContextBeforeModesTestExecutionListener, org.springframework.test.context.support.DependencyInjectionTestExecutionListener, org.springframework.test.context.support.DirtiesContextTestExecutionListener, org.springframework.test.context.transaction.TransactionalTestExecutionListener, org.springframework.test.context.jdbc.SqlScriptsTestExecutionListener]
INFO : org.springframework.test.context.web.WebTestContextBootstrapper - Using TestExecutionListeners: [org.springframework.test.context.web.ServletTestExecutionListener@37d31475, org.springframework.test.context.support.DirtiesContextBeforeModesTestExecutionListener@27808f31, org.springframework.test.context.support.DependencyInjectionTestExecutionListener@436e852b, org.springframework.test.context.support.DirtiesContextTestExecutionListener@32d2fa64, org.springframework.test.context.transaction.TransactionalTestExecutionListener@1d8d30f7, org.springframework.test.context.jdbc.SqlScriptsTestExecutionListener@3e57cd70]
INFO : org.springframework.web.context.support.GenericWebApplicationContext - Refreshing org.springframework.web.context.support.GenericWebApplicationContext@1fc2b765: startup date [Tue Feb 25 15:54:18 KST 2025]; root of context hierarchy
INFO : org.springframework.beans.factory.support.DefaultListableBeanFactory - Overriding bean definition for bean 'multipartResolver' with a different definition: replacing [Root bean: class [null]; scope=; abstract=false; lazyInit=false; autowireMode=3; dependencyCheck=0; autowireCandidate=true; primary=false; factoryBeanName=securityConfig; factoryMethodName=multipartResolver; initMethodName=null; destroyMethodName=(inferred); defined in class path resource [kr/bit/config/SecurityConfig.class]] with [Root bean: class [null]; scope=; abstract=false; lazyInit=false; autowireMode=3; dependencyCheck=0; autowireCandidate=true; primary=false; factoryBeanName=servletConfig; factoryMethodName=multipartResolver; initMethodName=null; destroyMethodName=(inferred); defined in kr.bit.config.ServletConfig]
INFO : org.springframework.beans.factory.annotation.AutowiredAnnotationBeanPostProcessor - JSR-330 'javax.inject.Inject' annotation found and supported for autowiring
INFO : com.zaxxer.hikari.HikariDataSource - HikariPool-1 - Starting...
INFO : com.zaxxer.hikari.HikariDataSource - HikariPool-1 - Start completed.
인증매니저 시작
INFO : org.springframework.security.web.DefaultSecurityFilterChain - Creating filter chain: Ant [pattern='/css/**'], []
INFO : org.springframework.security.web.DefaultSecurityFilterChain - Creating filter chain: Ant [pattern='/images/**'], []
INFO : org.springframework.security.web.DefaultSecurityFilterChain - Creating filter chain: Ant [pattern='/resources/**'], []
INFO : org.springframework.security.web.DefaultSecurityFilterChain - Creating filter chain: Ant [pattern='/favicon.ico'], []
INFO : org.springframework.security.web.DefaultSecurityFilterChain - Creating filter chain: org.springframework.security.web.util.matcher.AnyRequestMatcher@1, [org.springframework.security.web.context.request.async.WebAsyncManagerIntegrationFilter@24fb6a80, org.springframework.security.web.context.SecurityContextPersistenceFilter@71984c3, org.springframework.security.web.header.HeaderWriterFilter@7d3430a7, org.springframework.web.filter.CharacterEncodingFilter@48c35007, org.springframework.security.web.csrf.CsrfFilter@56276db8, org.springframework.security.web.authentication.logout.LogoutFilter@58e6d4b8, org.springframework.security.web.authentication.UsernamePasswordAuthenticationFilter@21d8bcbe, org.springframework.security.web.savedrequest.RequestCacheAwareFilter@5536379e, org.springframework.security.web.servletapi.SecurityContextHolderAwareRequestFilter@1c55f277, org.springframework.security.web.authentication.AnonymousAuthenticationFilter@72a85671, org.springframework.security.web.session.SessionManagementFilter@2756c0a7, org.springframework.security.web.access.ExceptionTranslationFilter@773cbf4f, org.springframework.security.web.access.intercept.FilterSecurityInterceptor@2488b073]
INFO : org.springframework.web.servlet.mvc.method.annotation.RequestMappingHandlerMapping - Mapped "{[/board/register],methods=[POST]}" onto public java.lang.String kr.bit.controller.BoardController.register(kr.bit.entity.Board,org.springframework.web.servlet.mvc.support.RedirectAttributes)
INFO : org.springframework.web.servlet.mvc.method.annotation.RequestMappingHandlerMapping - Mapped "{[/board/content],methods=[GET]}" onto public java.lang.String kr.bit.controller.BoardController.content(int,org.springframework.ui.Model)
INFO : org.springframework.web.servlet.mvc.method.annotation.RequestMappingHandlerMapping - Mapped "{[/board/modify],methods=[POST]}" onto public java.lang.String kr.bit.controller.BoardController.modify(kr.bit.entity.Board,org.springframework.web.servlet.mvc.support.RedirectAttributes)
INFO : org.springframework.web.servlet.mvc.method.annotation.RequestMappingHandlerMapping - Mapped "{[/board/modify],methods=[GET]}" onto public java.lang.String kr.bit.controller.BoardController.modify(int,org.springframework.ui.Model)
INFO : org.springframework.web.servlet.mvc.method.annotation.RequestMappingHandlerMapping - Mapped "{[/board/cate]}" onto public java.lang.String kr.bit.controller.BoardController.getBoardList(java.lang.String,java.lang.String,java.lang.String,int,int,org.springframework.ui.Model)
INFO : org.springframework.web.servlet.mvc.method.annotation.RequestMappingHandlerMapping - Mapped "{[/board/imageUpload],methods=[POST]}" onto public org.springframework.http.ResponseEntity<?> kr.bit.controller.BoardController.imageUpload(org.springframework.web.multipart.MultipartFile) throws java.lang.IllegalStateException,java.io.IOException
INFO : org.springframework.web.servlet.mvc.method.annotation.RequestMappingHandlerMapping - Mapped "{[/board/register],methods=[GET]}" onto public java.lang.String kr.bit.controller.BoardController.registerForm()
INFO : org.springframework.web.servlet.mvc.method.annotation.RequestMappingHandlerMapping - Mapped "{[/board/delete],methods=[GET]}" onto public java.lang.String kr.bit.controller.BoardController.boardDel(int,org.springframework.web.servlet.mvc.support.RedirectAttributes)
INFO : org.springframework.web.servlet.mvc.method.annotation.RequestMappingHandlerMapping - Mapped "{[/board/count/{idx}],methods=[PUT]}" onto public void kr.bit.controller.BoardRestController.boardCount(int)
INFO : org.springframework.web.servlet.mvc.method.annotation.RequestMappingHandlerMapping - Mapped "{[/board/replylist],methods=[GET]}" onto public java.util.List<kr.bit.entity.Reply> kr.bit.controller.BoardRestController.loadReply(int)
INFO : org.springframework.web.servlet.mvc.method.annotation.RequestMappingHandlerMapping - Mapped "{[/board/replyAdd],methods=[POST]}" onto public java.util.List<kr.bit.entity.Reply> kr.bit.controller.BoardRestController.replyAdd(org.springframework.security.core.userdetails.UserDetails,int,java.lang.String)
INFO : org.springframework.web.servlet.mvc.method.annotation.RequestMappingHandlerMapping - Mapped "{[/board/replyDelete],methods=[GET]}" onto public void kr.bit.controller.BoardRestController.replyDel(int)
INFO : org.springframework.web.servlet.mvc.method.annotation.RequestMappingHandlerMapping - Mapped "{[/board/best],methods=[GET]}" onto public java.util.List<kr.bit.entity.Board> kr.bit.controller.BoardRestController.loadBest()
INFO : org.springframework.web.servlet.mvc.method.annotation.RequestMappingHandlerMapping - Mapped "{[/board/wish/{idx}],methods=[PUT]}" onto public kr.bit.entity.Board kr.bit.controller.BoardRestController.boardWish(int,org.springframework.security.core.userdetails.UserDetails)
INFO : org.springframework.web.servlet.mvc.method.annotation.RequestMappingHandlerMapping - Mapped "{[/board/reply],methods=[POST]}" onto public java.util.List<kr.bit.entity.Reply> kr.bit.controller.BoardRestController.reply(org.springframework.security.core.userdetails.UserDetails,int,java.lang.String)
INFO : org.springframework.web.servlet.mvc.method.annotation.RequestMappingHandlerMapping - Mapped "{[/]}" onto public java.lang.String kr.bit.controller.MainController.main()
INFO : org.springframework.web.servlet.mvc.method.annotation.RequestMappingHandlerMapping - Mapped "{[/user/join],methods=[POST]}" onto public java.lang.String kr.bit.controller.UserController.join(kr.bit.entity.User,org.springframework.web.servlet.mvc.support.RedirectAttributes)
INFO : org.springframework.web.servlet.mvc.method.annotation.RequestMappingHandlerMapping - Mapped "{[/user/delete],methods=[POST]}" onto public java.lang.String kr.bit.controller.UserController.delete(kr.bit.entity.User,javax.servlet.http.HttpSession,org.springframework.web.servlet.mvc.support.RedirectAttributes)
INFO : org.springframework.web.servlet.mvc.method.annotation.RequestMappingHandlerMapping - Mapped "{[/user/modify],methods=[POST]}" onto public java.lang.String kr.bit.controller.UserController.modify(kr.bit.entity.User,org.springframework.web.servlet.mvc.support.RedirectAttributes)
INFO : org.springframework.web.servlet.mvc.method.annotation.RequestMappingHandlerMapping - Mapped "{[/user/login],methods=[GET]}" onto public java.lang.String kr.bit.controller.UserController.loginForm()
INFO : org.springframework.web.servlet.mvc.method.annotation.RequestMappingHandlerMapping - Mapped "{[/user/editPage],methods=[GET]}" onto public java.lang.String kr.bit.controller.UserController.editPage()
INFO : org.springframework.web.servlet.mvc.method.annotation.RequestMappingHandlerMapping - Mapped "{[/user/modify],methods=[GET]}" onto public java.lang.String kr.bit.controller.UserController.modifyForm()
INFO : org.springframework.web.servlet.mvc.method.annotation.RequestMappingHandlerMapping - Mapped "{[/user/userCheck],methods=[GET]}" onto public int kr.bit.controller.UserController.userCheck(java.lang.String)
INFO : org.springframework.web.servlet.mvc.method.annotation.RequestMappingHandlerMapping - Mapped "{[/user/wishList],methods=[GET]}" onto public java.lang.String kr.bit.controller.UserController.wishList(org.springframework.security.core.userdetails.UserDetails,org.springframework.ui.Model)
INFO : org.springframework.web.servlet.mvc.method.annotation.RequestMappingHandlerMapping - Mapped "{[/user/delete],methods=[GET]}" onto public java.lang.String kr.bit.controller.UserController.deleteForm()
INFO : org.springframework.web.servlet.mvc.method.annotation.RequestMappingHandlerMapping - Mapped "{[/user/signUp],methods=[GET]}" onto public java.lang.String kr.bit.controller.UserController.signUp()
INFO : org.springframework.web.servlet.mvc.method.annotation.RequestMappingHandlerMapping - Mapped "{[/user/access-denied],methods=[GET]}" onto public java.lang.String kr.bit.controller.UserController.showAccessDenied()
INFO : org.springframework.web.servlet.mvc.method.annotation.RequestMappingHandlerMapping - Mapped "{[/user/profileUpdate],methods=[POST]}" onto public java.lang.String kr.bit.controller.UserController.profileUpdate(org.springframework.web.multipart.MultipartFile,java.lang.String,javax.servlet.http.HttpServletRequest,org.springframework.web.servlet.mvc.support.RedirectAttributes)
INFO : org.springframework.web.servlet.mvc.method.annotation.RequestMappingHandlerMapping - Mapped "{[/user/profileForm],methods=[GET]}" onto public java.lang.String kr.bit.controller.UserController.profileForm()
INFO : org.springframework.web.servlet.handler.SimpleUrlHandlerMapping - Mapped URL path [/resources/**] onto handler of type [class org.springframework.web.servlet.resource.ResourceHttpRequestHandler]
INFO : org.springframework.web.servlet.handler.SimpleUrlHandlerMapping - Mapped URL path [/css/**] onto handler of type [class org.springframework.web.servlet.resource.ResourceHttpRequestHandler]
INFO : org.springframework.web.servlet.handler.SimpleUrlHandlerMapping - Mapped URL path [/images/**] onto handler of type [class org.springframework.web.servlet.resource.ResourceHttpRequestHandler]
INFO : org.springframework.web.servlet.mvc.method.annotation.RequestMappingHandlerAdapter - Looking for @ControllerAdvice: org.springframework.web.context.support.GenericWebApplicationContext@1fc2b765: startup date [Tue Feb 25 15:54:18 KST 2025]; root of context hierarchy
INFO : org.springframework.mock.web.MockServletContext - Initializing Spring FrameworkServlet ''
INFO : org.springframework.test.web.servlet.TestDispatcherServlet - FrameworkServlet '': initialization started
INFO : org.springframework.test.web.servlet.TestDispatcherServlet - FrameworkServlet '': initialization completed in 44 ms
WARN : org.springframework.web.servlet.PageNotFound - No mapping found for HTTP request with URI [/board/list] in DispatcherServlet with name ''
]]></system-out>
  </testcase>
</testsuite>